<?xml version="1.0" encoding="UTF-8"?>
<!-- Generated by org.testng.reporters.JUnitReportReporter -->
<testsuite hostname="Jarvis" failures="0" tests="3" name="testcases.TC005_HomePageLinksValidation" time="38.420" errors="0" timestamp="2024-03-28T17:36:22 IST" skipped="0">
  <testcase classname="testcases.TC005_HomePageLinksValidation" name="HomePageLinksValidation" time="14.806"/>
  <system-out/>
  <testcase classname="testcases.TC005_HomePageLinksValidation" name="HomePageLinksValidation" time="11.827"/>
  <system-out/>
  <testcase classname="testcases.TC005_HomePageLinksValidation" name="HomePageLinksValidation" time="11.787"/>
  <system-out/>
</testsuite> <!-- testcases.TC005_HomePageLinksValidation -->
