<?xml version="1.0" encoding="UTF-8"?>
<!-- Generated by org.testng.reporters.JUnitReportReporter -->
<testsuite hostname="Jarvis" failures="0" tests="1" name="testcases.TC003_OneWayTripTest" time="40.936" errors="0" timestamp="2024-03-28T17:36:22 IST" skipped="0">
  <testcase classname="testcases.TC003_OneWayTripTest" name="OneWayTripTest" time="40.936"/>
  <system-out/>
</testsuite> <!-- testcases.TC003_OneWayTripTest -->
