<?xml version="1.0" encoding="UTF-8"?>
<!-- Generated by org.testng.reporters.JUnitReportReporter -->
<testsuite hostname="Jarvis" failures="0" tests="1" name="testcases.TC004_RoundTripTest" time="33.976" errors="0" timestamp="2024-03-28T17:36:22 IST" skipped="0">
  <testcase classname="testcases.TC004_RoundTripTest" name="RoundTripTest" time="33.976"/>
  <system-out/>
</testsuite> <!-- testcases.TC004_RoundTripTest -->
