<?xml version="1.0" encoding="UTF-8"?>
<!-- Generated by org.testng.reporters.JUnitReportReporter -->
<testsuite hostname="Jarvis" failures="0" tests="1" name="testcases.TC002_LoginTest" time="8.874" errors="0" timestamp="2024-03-28T17:36:22 IST" skipped="0">
  <testcase classname="testcases.TC002_LoginTest" name="LoginTest" time="8.874"/>
  <system-out/>
</testsuite> <!-- testcases.TC002_LoginTest -->
